\BOOKMARK [0][]{chapter.1}{Introduction}{}% 1
\BOOKMARK [0][]{chapter.2}{Dataset}{}% 2
\BOOKMARK [1][]{section.2.1}{Abstract}{chapter.2}% 3
\BOOKMARK [1][]{section.2.2}{Introduction}{chapter.2}% 4
\BOOKMARK [1][]{section.2.3}{Related\040Work}{chapter.2}% 5
\BOOKMARK [1][]{section.2.4}{Methodology}{chapter.2}% 6
\BOOKMARK [2][]{subsection.2.4.1}{Data\040Acquisition}{section.2.4}% 7
\BOOKMARK [2][]{subsection.2.4.2}{Data\040Normalization\040and\040Integration}{section.2.4}% 8
\BOOKMARK [2][]{subsection.2.4.3}{Data\040Analysis}{section.2.4}% 9
\BOOKMARK [1][]{section.2.5}{Data\040Analysis}{chapter.2}% 10
\BOOKMARK [2][]{subsection.2.5.1}{System\040Utilization}{section.2.5}% 11
\BOOKMARK [2][]{subsection.2.5.2}{Usage\040Habits}{section.2.5}% 12
\BOOKMARK [2][]{subsection.2.5.3}{Spatial\040Analysis}{section.2.5}% 13
\BOOKMARK [2][]{subsection.2.5.4}{Users'\040Habits}{section.2.5}% 14
\BOOKMARK [1][]{section.2.6}{Conclusions}{chapter.2}% 15
\BOOKMARK [0][]{chapter.3}{CS\040comparison}{}% 16
\BOOKMARK [1][]{section.3.1}{Abstract}{chapter.3}% 17
\BOOKMARK [1][]{section.3.2}{Introduction}{chapter.3}% 18
\BOOKMARK [1][]{section.3.3}{Related\040Work}{chapter.3}% 19
\BOOKMARK [1][]{section.3.4}{Car-sharing\040systems}{chapter.3}% 20
\BOOKMARK [1][]{section.3.5}{Datasets\040and\040crawling\040methodology}{chapter.3}% 21
\BOOKMARK [2][]{subsection.3.5.1}{Modo\040crawling\040methodology\040and\040data\040summary}{section.3.5}% 22
\BOOKMARK [2][]{subsection.3.5.2}{Evo\040crawling\040methodology\040and\040data\040summary}{section.3.5}% 23
\BOOKMARK [2][]{subsection.3.5.3}{Car2Go\040crawling\040methodology\040and\040data\040summary}{section.3.5}% 24
\BOOKMARK [1][]{section.3.6}{Car-sharing\040services\040characterization}{chapter.3}% 25
\BOOKMARK [2][]{subsection.3.6.1}{Temporal\040characteristics}{section.3.6}% 26
\BOOKMARK [2][]{subsection.3.6.2}{Spatial-temporal\040characteristics}{section.3.6}% 27
\BOOKMARK [2][]{subsection.3.6.3}{User\040behavior\040characteristics}{section.3.6}% 28
\BOOKMARK [1][]{section.3.7}{Conclusions}{chapter.3}% 29
\BOOKMARK [0][]{section*.26}{Bibliography}{}% 30
